<?xml version="1.0" encoding="UTF-8"?>
<!-- Generated by org.testng.reporters.JUnitXMLReporter -->
<testsuite ignored="0" hostname="DESKTOP-TS8RBBL" failures="0" tests="4" name="Test" time="0.064" errors="0" timestamp="2022-12-11T20:02:43 IST">
  <testcase classname="scripts.Test3" name="tc1" time="0.011"/>
  <testcase classname="scripts.Test2" name="tc1" time="0.002"/>
  <testcase classname="scripts.Test1" name="tc1" time="0.002"/>
  <testcase classname="scripts.Test0" name="tc1" time="0.001"/>
</testsuite> <!-- Test -->
