<?xml version="1.0" encoding="UTF-8"?>
<testng-results ignored="0" total="4" passed="4" failed="0" skipped="0">
  <reporter-output>
    <line>
      <![CDATA[hello api]]>
    </line>
    <line>
      <![CDATA[hello python]]>
    </line>
    <line>
      <![CDATA[hello selenium]]>
    </line>
    <line>
      <![CDATA[hello java]]>
    </line>
  </reporter-output>
  <suite started-at="2022-12-12T00:22:02 IST" name="Suite" finished-at="2022-12-12T00:22:03 IST" duration-ms="115">
    <groups>
    </groups>
    <test started-at="2022-12-12T00:22:02 IST" name="Test" finished-at="2022-12-12T00:22:03 IST" duration-ms="115">
      <class name="scripts.Test1">
        <test-method signature="tc1()[pri:0, instance:scripts.Test1@72a7c7e0]" started-at="2022-12-12T00:22:03 IST" name="tc1" finished-at="2022-12-12T00:22:03 IST" duration-ms="3" status="PASS">
          <reporter-output>
            <line>
              <![CDATA[hello selenium]]>
            </line>
          </reporter-output>
        </test-method> <!-- tc1 -->
      </class> <!-- scripts.Test1 -->
      <class name="scripts.Test0">
        <test-method signature="tc1()[pri:0, instance:scripts.Test0@2e4b8173]" started-at="2022-12-12T00:22:03 IST" name="tc1" finished-at="2022-12-12T00:22:03 IST" duration-ms="22" status="PASS">
          <reporter-output>
            <line>
              <![CDATA[hello java]]>
            </line>
          </reporter-output>
        </test-method> <!-- tc1 -->
      </class> <!-- scripts.Test0 -->
      <class name="scripts.Test3">
        <test-method signature="tc1()[pri:0, instance:scripts.Test3@4a22f9e2]" started-at="2022-12-12T00:22:03 IST" name="tc1" finished-at="2022-12-12T00:22:03 IST" duration-ms="17" status="PASS">
          <reporter-output>
            <line>
              <![CDATA[hello api]]>
            </line>
          </reporter-output>
        </test-method> <!-- tc1 -->
      </class> <!-- scripts.Test3 -->
      <class name="scripts.Test2">
        <test-method signature="tc1()[pri:0, instance:scripts.Test2@1622f1b]" started-at="2022-12-12T00:22:03 IST" name="tc1" finished-at="2022-12-12T00:22:03 IST" duration-ms="2" status="PASS">
          <reporter-output>
            <line>
              <![CDATA[hello python]]>
            </line>
          </reporter-output>
        </test-method> <!-- tc1 -->
      </class> <!-- scripts.Test2 -->
    </test> <!-- Test -->
  </suite> <!-- Suite -->
</testng-results>
